<?xml version="1.0" encoding="UTF-8"?>
<!-- Generated by org.testng.reporters.JUnitReportReporter -->
<testsuite name="test.TestSigninPage" tests="1" time="0.000" ignored="0" failures="0" timestamp="11 Jul 2017 21:06:04 GMT" skipped="1" hostname="Mds-MBP-2.domain.actdsltmp" errors="0">
  <testcase name="signinPage" time="0.000" classname="test.TestSigninPage">
    <skipped/>
  </testcase> <!-- signinPage -->
</testsuite> <!-- test.TestSigninPage -->
